C:\Users\Isha\Source\Repos\AngCore\FisrtCanadianTitle\FCTApp\dist\out-tsc\e2e\src\app.po.js
C:\Users\Isha\Source\Repos\AngCore\FisrtCanadianTitle\FCTApp\dist\out-tsc\e2e\src\app.po.js.map
C:\Users\Isha\Source\Repos\AngCore\FisrtCanadianTitle\FCTApp\dist\out-tsc\e2e\src\app.e2e-spec.js
C:\Users\Isha\Source\Repos\AngCore\FisrtCanadianTitle\FCTApp\dist\out-tsc\e2e\src\app.e2e-spec.js.map
C:\Users\Isha\Source\Repos\AngCore\FisrtCanadianTitle\FCTApp\dist\out-tsc\src\app\app.component.js
C:\Users\Isha\Source\Repos\AngCore\FisrtCanadianTitle\FCTApp\dist\out-tsc\src\app\app.component.js.map
C:\Users\Isha\Source\Repos\AngCore\FisrtCanadianTitle\FCTApp\dist\out-tsc\src\app\shared\fctmodel.model.js
C:\Users\Isha\Source\Repos\AngCore\FisrtCanadianTitle\FCTApp\dist\out-tsc\src\app\shared\fctmodel.model.js.map
C:\Users\Isha\Source\Repos\AngCore\FisrtCanadianTitle\FCTApp\dist\out-tsc\src\app\shared\purchaseModel.model.js
C:\Users\Isha\Source\Repos\AngCore\FisrtCanadianTitle\FCTApp\dist\out-tsc\src\app\shared\purchaseModel.model.js.map
C:\Users\Isha\Source\Repos\AngCore\FisrtCanadianTitle\FCTApp\dist\out-tsc\src\app\shared\fctservice.service.js
C:\Users\Isha\Source\Repos\AngCore\FisrtCanadianTitle\FCTApp\dist\out-tsc\src\app\shared\fctservice.service.js.map
C:\Users\Isha\Source\Repos\AngCore\FisrtCanadianTitle\FCTApp\dist\out-tsc\src\app\product\product.component.js
C:\Users\Isha\Source\Repos\AngCore\FisrtCanadianTitle\FCTApp\dist\out-tsc\src\app\product\product.component.js.map
C:\Users\Isha\Source\Repos\AngCore\FisrtCanadianTitle\FCTApp\dist\out-tsc\src\app\app.module.js
C:\Users\Isha\Source\Repos\AngCore\FisrtCanadianTitle\FCTApp\dist\out-tsc\src\app\app.module.js.map
C:\Users\Isha\Source\Repos\AngCore\FisrtCanadianTitle\FCTApp\dist\out-tsc\src\environments\environment.js
C:\Users\Isha\Source\Repos\AngCore\FisrtCanadianTitle\FCTApp\dist\out-tsc\src\environments\environment.js.map
C:\Users\Isha\Source\Repos\AngCore\FisrtCanadianTitle\FCTApp\dist\out-tsc\src\main.js
C:\Users\Isha\Source\Repos\AngCore\FisrtCanadianTitle\FCTApp\dist\out-tsc\src\main.js.map
C:\Users\Isha\Source\Repos\AngCore\FisrtCanadianTitle\FCTApp\dist\out-tsc\src\polyfills.js
C:\Users\Isha\Source\Repos\AngCore\FisrtCanadianTitle\FCTApp\dist\out-tsc\src\polyfills.js.map
C:\Users\Isha\Source\Repos\AngCore\FisrtCanadianTitle\FCTApp\dist\out-tsc\src\test.js
C:\Users\Isha\Source\Repos\AngCore\FisrtCanadianTitle\FCTApp\dist\out-tsc\src\test.js.map
C:\Users\Isha\Source\Repos\AngCore\FisrtCanadianTitle\FCTApp\dist\out-tsc\src\app\app.component.spec.js
C:\Users\Isha\Source\Repos\AngCore\FisrtCanadianTitle\FCTApp\dist\out-tsc\src\app\app.component.spec.js.map
C:\Users\Isha\Source\Repos\AngCore\FisrtCanadianTitle\FCTApp\dist\out-tsc\src\environments\environment.prod.js
C:\Users\Isha\Source\Repos\AngCore\FisrtCanadianTitle\FCTApp\dist\out-tsc\src\environments\environment.prod.js.map
